<?xml version="1.0" encoding="UTF-8"?>
<!-- Generated by org.testng.reporters.JUnitXMLReporter -->
<testsuite hostname="LAPTOP-GMABHVOV" ignored="0" name="testSchedule" tests="5" failures="0" timestamp="2020-07-19T00:12:24 IST" time="32.748" errors="0">
  <testcase name="testHomePageTitle" time="0.063" classname="ww.assessment.TestWWSite"/>
  <testcase name="clickOnWorkShop" time="10.367" classname="ww.assessment.TestWWSite"/>
  <testcase name="searchlocation" time="0.983" classname="ww.assessment.TestWWSite"/>
  <testcase name="clickVerifyLocationName" time="1.684" classname="ww.assessment.TestWWSite"/>
  <testcase name="Meeting" time="0.985" classname="ww.assessment.TestWWSite"/>
</testsuite> <!-- testSchedule -->
