<?xml version="1.0" encoding="UTF-8"?>
<testsuite name="TestSuite" time="14.088" tests="5" errors="0" skipped="0" failures="0">
  <properties>
[...]
</properties>
  <testcase name="testHomePageTitle" classname="ww.assessment.TestWWSite" time="0.065"/>
  <testcase name="clickOnWorkShop" classname="ww.assessment.TestWWSite" time="10.366"/>
  <testcase name="searchlocation" classname="ww.assessment.TestWWSite" time="0.984"/>
  <testcase name="clickVerifyLocationName" classname="ww.assessment.TestWWSite" time="1.686"/>
  <testcase name="Meeting" classname="ww.assessment.TestWWSite" time="0.987"/>
</testsuite>