<?xml version="1.0" encoding="UTF-8"?>
<testng-results skipped="0" failed="0" ignored="0" total="5" passed="5">
  <reporter-output>
  </reporter-output>
  <suite name="TestWW" duration-ms="32748" started-at="2020-07-19T00:11:51 IST" finished-at="2020-07-19T00:12:24 IST">
    <groups>
    </groups>
    <test name="testSchedule" duration-ms="32748" started-at="2020-07-19T00:11:51 IST" finished-at="2020-07-19T00:12:24 IST">
      <class name="ww.assessment.TestWWSite">
        <test-method status="PASS" signature="setup()[pri:0, instance:ww.assessment.TestWWSite@e25b2fe]" name="setup" is-config="true" duration-ms="16593" started-at="2020-07-19T00:11:51 IST" finished-at="2020-07-19T00:12:08 IST">
          <reporter-output>
          </reporter-output>
        </test-method> <!-- setup -->
        <test-method status="PASS" signature="testHomePageTitle()[pri:0, instance:ww.assessment.TestWWSite@e25b2fe]" name="testHomePageTitle" duration-ms="63" started-at="2020-07-19T00:12:08 IST" finished-at="2020-07-19T00:12:08 IST">
          <reporter-output>
          </reporter-output>
        </test-method> <!-- testHomePageTitle -->
        <test-method status="PASS" signature="clickOnWorkShop()[pri:1, instance:ww.assessment.TestWWSite@e25b2fe]" name="clickOnWorkShop" duration-ms="10367" started-at="2020-07-19T00:12:08 IST" finished-at="2020-07-19T00:12:18 IST">
          <reporter-output>
          </reporter-output>
        </test-method> <!-- clickOnWorkShop -->
        <test-method status="PASS" signature="searchlocation()[pri:2, instance:ww.assessment.TestWWSite@e25b2fe]" name="searchlocation" duration-ms="983" started-at="2020-07-19T00:12:18 IST" finished-at="2020-07-19T00:12:19 IST">
          <reporter-output>
          </reporter-output>
        </test-method> <!-- searchlocation -->
        <test-method status="PASS" signature="clickVerifyLocationName()[pri:3, instance:ww.assessment.TestWWSite@e25b2fe]" name="clickVerifyLocationName" duration-ms="1684" started-at="2020-07-19T00:12:19 IST" finished-at="2020-07-19T00:12:21 IST">
          <reporter-output>
          </reporter-output>
        </test-method> <!-- clickVerifyLocationName -->
        <test-method status="PASS" signature="Meeting(java.lang.String)[pri:4, instance:ww.assessment.TestWWSite@e25b2fe]" name="Meeting" duration-ms="985" started-at="2020-07-19T00:12:21 IST" finished-at="2020-07-19T00:12:22 IST">
          <params>
            <param index="0">
              <value>
                <![CDATA[SUN]]>
              </value>
            </param>
          </params>
          <reporter-output>
          </reporter-output>
        </test-method> <!-- Meeting -->
        <test-method status="PASS" signature="cleanup()[pri:0, instance:ww.assessment.TestWWSite@e25b2fe]" name="cleanup" is-config="true" duration-ms="2003" started-at="2020-07-19T00:12:22 IST" finished-at="2020-07-19T00:12:24 IST">
          <reporter-output>
          </reporter-output>
        </test-method> <!-- cleanup -->
      </class> <!-- ww.assessment.TestWWSite -->
    </test> <!-- testSchedule -->
  </suite> <!-- TestWW -->
</testng-results>
